# JRE version: OpenJDK Runtime Environment (15.0.1+9) (build 15.0.1+9-18)
# Java VM: OpenJDK 64-Bit Server VM (15.0.1+9-18, mixed mode, tiered, compressed oops, g1 gc, windows-amd64)
GC Precious Log:
 CPUs: 6 total, 6 available
 Memory: 24510M
 Large Page Support: Disabled
 NUMA Support: Disabled
 Compressed Oops: Enabled (Zero based)
 Heap Region Size: 4M
 Heap Min Capacity: 8M
 Heap Initial Capacity: 384M
 Heap Max Capacity: 6128M
 Pre-touch: Disabled
 Parallel Workers: 6
 Concurrent Workers: 2
 Concurrent Refinement Workers: 6
 Periodic GC: Disabled
Heap:
 garbage-first heap   total 393216K, used 22671K [0x0000000681000000, 0x0000000800000000)
  region size 4096K, 4 young (16384K), 1 survivors (4096K)
 Metaspace       used 19478K, capacity 19679K, committed 19712K, reserved 1067008K
  class space    used 1973K, capacity 2040K, committed 2048K, reserved 1048576K
GC Heap History (6 events):
Event: 4.391 GC heap before
{Heap before GC invocations=0 (full 0):
 garbage-first heap   total 393216K, used 16384K [0x0000000681000000, 0x0000000800000000)
  region size 4096K, 4 young (16384K), 0 survivors (0K)
 Metaspace       used 16567K, capacity 16801K, committed 16896K, reserved 1064960K
  class space    used 1680K, capacity 1769K, committed 1792K, reserved 1048576K
}
Event: 4.394 GC heap after
{Heap after GC invocations=1 (full 0):
 garbage-first heap   total 393216K, used 3415K [0x0000000681000000, 0x0000000800000000)
  region size 4096K, 1 young (4096K), 1 survivors (4096K)
 Metaspace       used 16567K, capacity 16801K, committed 16896K, reserved 1064960K
  class space    used 1680K, capacity 1769K, committed 1792K, reserved 1048576K
}
Event: 5.458 GC heap before
{Heap before GC invocations=1 (full 0):
 garbage-first heap   total 393216K, used 23895K [0x0000000681000000, 0x0000000800000000)
  region size 4096K, 5 young (20480K), 1 survivors (4096K)
 Metaspace       used 17501K, capacity 17670K, committed 17792K, reserved 1064960K
  class space    used 1770K, capacity 1866K, committed 1920K, reserved 1048576K
}
Event: 5.461 GC heap after
{Heap after GC invocations=2 (full 0):
 garbage-first heap   total 393216K, used 13693K [0x0000000681000000, 0x0000000800000000)
  region size 4096K, 1 young (4096K), 1 survivors (4096K)
 Metaspace       used 17501K, capacity 17670K, committed 17792K, reserved 1064960K
  class space    used 1770K, capacity 1866K, committed 1920K, reserved 1048576K
}
Event: 6.619 GC heap before
{Heap before GC invocations=2 (full 0):
 garbage-first heap   total 393216K, used 54653K [0x0000000681000000, 0x0000000800000000)
  region size 4096K, 11 young (45056K), 1 survivors (4096K)
 Metaspace       used 19475K, capacity 19679K, committed 19712K, reserved 1067008K
  class space    used 1973K, capacity 2040K, committed 2048K, reserved 1048576K
}
Event: 6.620 GC heap after
{Heap after GC invocations=3 (full 0):
 garbage-first heap   total 393216K, used 14479K [0x0000000681000000, 0x0000000800000000)
  region size 4096K, 1 young (4096K), 1 survivors (4096K)
 Metaspace       used 19475K, capacity 19679K, committed 19712K, reserved 1067008K
  class space    used 1973K, capacity 2040K, committed 2048K, reserved 1048576K
}

