# JRE version: OpenJDK Runtime Environment (15.0.1+9) (build 15.0.1+9-18)
# Java VM: OpenJDK 64-Bit Server VM (15.0.1+9-18, mixed mode, tiered, compressed oops, g1 gc, windows-amd64)
GC Precious Log:
 CPUs: 6 total, 6 available
 Memory: 24510M
 Large Page Support: Disabled
 NUMA Support: Disabled
 Compressed Oops: Enabled (Zero based)
 Heap Region Size: 4M
 Heap Min Capacity: 8M
 Heap Initial Capacity: 384M
 Heap Max Capacity: 6128M
 Pre-touch: Disabled
 Parallel Workers: 6
 Concurrent Workers: 2
 Concurrent Refinement Workers: 6
 Periodic GC: Disabled
Heap:
 garbage-first heap   total 393216K, used 22685K [0x0000000681000000, 0x0000000800000000)
  region size 4096K, 4 young (16384K), 1 survivors (4096K)
 Metaspace       used 19437K, capacity 19679K, committed 19712K, reserved 1067008K
  class space    used 1973K, capacity 2040K, committed 2048K, reserved 1048576K
GC Heap History (6 events):
Event: 5.105 GC heap before
{Heap before GC invocations=0 (full 0):
 garbage-first heap   total 393216K, used 16384K [0x0000000681000000, 0x0000000800000000)
  region size 4096K, 4 young (16384K), 0 survivors (0K)
 Metaspace       used 16557K, capacity 16801K, committed 16896K, reserved 1064960K
  class space    used 1679K, capacity 1769K, committed 1792K, reserved 1048576K
}
Event: 5.108 GC heap after
{Heap after GC invocations=1 (full 0):
 garbage-first heap   total 393216K, used 3417K [0x0000000681000000, 0x0000000800000000)
  region size 4096K, 1 young (4096K), 1 survivors (4096K)
 Metaspace       used 16557K, capacity 16801K, committed 16896K, reserved 1064960K
  class space    used 1679K, capacity 1769K, committed 1792K, reserved 1048576K
}
Event: 6.122 GC heap before
{Heap before GC invocations=1 (full 0):
 garbage-first heap   total 393216K, used 23897K [0x0000000681000000, 0x0000000800000000)
  region size 4096K, 5 young (20480K), 1 survivors (4096K)
 Metaspace       used 17413K, capacity 17606K, committed 17792K, reserved 1064960K
  class space    used 1769K, capacity 1866K, committed 1920K, reserved 1048576K
}
Event: 6.124 GC heap after
{Heap after GC invocations=2 (full 0):
 garbage-first heap   total 393216K, used 13710K [0x0000000681000000, 0x0000000800000000)
  region size 4096K, 1 young (4096K), 1 survivors (4096K)
 Metaspace       used 17413K, capacity 17606K, committed 17792K, reserved 1064960K
  class space    used 1769K, capacity 1866K, committed 1920K, reserved 1048576K
}
Event: 7.227 GC heap before
{Heap before GC invocations=2 (full 0):
 garbage-first heap   total 393216K, used 54670K [0x0000000681000000, 0x0000000800000000)
  region size 4096K, 11 young (45056K), 1 survivors (4096K)
 Metaspace       used 19435K, capacity 19679K, committed 19712K, reserved 1067008K
  class space    used 1973K, capacity 2040K, committed 2048K, reserved 1048576K
}
Event: 7.228 GC heap after
{Heap after GC invocations=3 (full 0):
 garbage-first heap   total 393216K, used 14493K [0x0000000681000000, 0x0000000800000000)
  region size 4096K, 1 young (4096K), 1 survivors (4096K)
 Metaspace       used 19435K, capacity 19679K, committed 19712K, reserved 1067008K
  class space    used 1973K, capacity 2040K, committed 2048K, reserved 1048576K
}

